[INFO ] 2024-09-30 18:40:02.623 [main] BaseTest - Initializing chrome Browser
[INFO ] 2024-09-30 18:40:08.596 [main] BaseTest - Launching the Application
[INFO ] 2024-09-30 18:40:15.532 [main] BaseTest - Login Scenario
[INFO ] 2024-09-30 18:43:43.866 [main] BaseTest - Initializing chrome Browser
[INFO ] 2024-09-30 18:43:50.635 [main] BaseTest - Launching the Application
[INFO ] 2024-09-30 18:43:53.285 [main] BaseTest - Login Scenario
[INFO ] 2024-09-30 18:52:02.796 [main] BaseTest - Initializing chrome Browser
[INFO ] 2024-09-30 18:52:10.499 [main] BaseTest - Launching the Application
[INFO ] 2024-09-30 18:52:15.821 [main] BaseTest - Login Scenario
[INFO ] 2024-09-30 18:52:38.719 [main] BaseTest - Verifying the logo at navbar in Home page
[INFO ] 2024-10-03 14:32:13.680 [main] BaseTest - Initializing chrome Browser
[INFO ] 2024-10-03 14:32:21.644 [main] BaseTest - Launching the Application
[INFO ] 2024-10-03 14:32:49.633 [main] BaseTest - Initializing chrome Browser
[INFO ] 2024-10-03 14:32:56.759 [main] BaseTest - Launching the Application
[INFO ] 2024-10-03 14:37:29.252 [main] BaseTest - Initializing chrome Browser
[INFO ] 2024-10-03 14:37:35.889 [main] BaseTest - Launching the Application
[INFO ] 2024-10-03 14:37:39.896 [main] BaseTest - Login Scenario
[INFO ] 2024-10-03 14:39:18.748 [main] BaseTest - Initializing chrome Browser
[INFO ] 2024-10-03 14:39:26.553 [main] BaseTest - Launching the Application
[INFO ] 2024-10-03 14:39:48.619 [main] BaseTest - Initializing chrome Browser
[INFO ] 2024-10-03 14:39:55.429 [main] BaseTest - Launching the Application
[INFO ] 2024-10-03 14:41:48.177 [main] BaseTest - Initializing chrome Browser
[INFO ] 2024-10-03 14:41:53.161 [main] BaseTest - Launching the Application
[INFO ] 2024-10-03 14:42:11.111 [main] BaseTest - Initializing chrome Browser
[INFO ] 2024-10-03 14:42:18.270 [main] BaseTest - Launching the Application
[INFO ] 2024-10-03 14:42:42.787 [main] BaseTest - Initializing chrome Browser
[INFO ] 2024-10-03 14:42:49.768 [main] BaseTest - Launching the Application
[INFO ] 2024-10-03 14:44:20.159 [main] BaseTest - Initializing chrome Browser
[INFO ] 2024-10-03 14:44:28.231 [main] BaseTest - Launching the Application
[INFO ] 2024-10-03 14:47:13.702 [main] BaseTest - Initializing chrome Browser
[INFO ] 2024-10-03 14:47:21.748 [main] BaseTest - Launching the Application
[INFO ] 2024-10-03 14:47:24.377 [main] BaseTest - Login Scenario
[INFO ] 2024-10-03 14:48:05.745 [main] BaseTest - Initializing chrome Browser
[INFO ] 2024-10-03 14:48:13.760 [main] BaseTest - Launching the Application
[INFO ] 2024-10-03 14:48:15.738 [main] BaseTest - Login Scenario
[INFO ] 2024-10-03 14:48:57.867 [main] BaseTest - Initializing chrome Browser
[INFO ] 2024-10-03 14:49:02.904 [main] BaseTest - Launching the Application
[INFO ] 2024-10-03 14:49:56.410 [main] BaseTest - Initializing chrome Browser
[INFO ] 2024-10-03 14:50:01.392 [main] BaseTest - Launching the Application
[INFO ] 2024-10-03 14:55:27.589 [main] BaseTest - Initializing chrome Browser
[INFO ] 2024-10-03 14:55:33.892 [main] BaseTest - Launching the Application
[INFO ] 2024-10-03 14:58:58.800 [main] BaseTest - Initializing chrome Browser
[INFO ] 2024-10-03 14:59:05.778 [main] BaseTest - Launching the Application
[INFO ] 2024-10-03 14:59:07.866 [main] BaseTest - Login Scenario
[INFO ] 2024-10-03 14:59:37.579 [main] BaseTest - Initializing chrome Browser
[INFO ] 2024-10-03 14:59:42.666 [main] BaseTest - Launching the Application
[INFO ] 2024-10-03 15:00:08.398 [main] BaseTest - Initializing chrome Browser
[INFO ] 2024-10-03 15:00:15.941 [main] BaseTest - Launching the Application
[INFO ] 2024-10-03 15:00:17.766 [main] BaseTest - Login Scenario
[INFO ] 2024-10-03 15:09:13.964 [main] BaseTest - Initializing chrome Browser
[INFO ] 2024-10-03 15:09:22.490 [main] BaseTest - Launching the Application
[INFO ] 2024-10-03 15:09:24.499 [main] BaseTest - Login Scenario
[INFO ] 2024-10-03 15:09:45.867 [main] BaseTest - Verifying the logo at navbar in Home page
[INFO ] 2024-10-03 15:11:44.214 [main] BaseTest - Initializing chrome Browser
[INFO ] 2024-10-03 15:11:53.141 [main] BaseTest - Launching the Application
[INFO ] 2024-10-03 15:12:06.050 [TestNG-test-Test-1] BaseTest - Login Scenario
[INFO ] 2024-10-03 15:14:23.371 [main] BaseTest - Initializing chrome Browser
[INFO ] 2024-10-03 15:14:31.079 [main] BaseTest - Launching the Application
[INFO ] 2024-10-03 15:15:03.317 [TestNG-test-Test-1] BaseTest - Login Scenario
[INFO ] 2024-10-03 15:21:41.439 [main] BaseTest - Initializing chrome Browser
[INFO ] 2024-10-03 15:21:46.747 [main] BaseTest - Launching the Application
[INFO ] 2024-10-03 15:21:52.614 [main] BaseTest - Login Scenario
[INFO ] 2024-10-03 15:21:56.969 [main] BaseTest - Verifying the logo at navbar in Home page
[INFO ] 2024-10-03 15:23:29.727 [main] BaseTest - Initializing chrome Browser
[INFO ] 2024-10-03 15:23:34.479 [main] BaseTest - Launching the Application
[INFO ] 2024-10-03 15:23:38.823 [main] BaseTest - Login Scenario
[INFO ] 2024-10-03 15:23:42.086 [main] BaseTest - Verifying the logo at navbar in Home page
[INFO ] 2024-10-03 15:26:50.274 [main] BaseTest - Initializing chrome Browser
[INFO ] 2024-10-03 15:26:53.377 [main] BaseTest - Launching the Application
[INFO ] 2024-10-03 15:27:54.359 [main] BaseTest - Initializing chrome Browser
[INFO ] 2024-10-03 15:27:59.479 [main] BaseTest - Launching the Application
[INFO ] 2024-10-03 15:28:04.068 [main] BaseTest - Login Scenario
[INFO ] 2024-10-03 15:28:08.015 [main] BaseTest - Verifying the logo at navbar in Home page
[INFO ] 2024-10-03 15:29:22.540 [main] BaseTest - Initializing chrome Browser
[INFO ] 2024-10-03 15:29:29.120 [main] BaseTest - Launching the Application
[INFO ] 2024-10-03 15:29:30.977 [main] BaseTest - Login Scenario
[INFO ] 2024-10-03 15:29:34.712 [main] BaseTest - Verifying the logo at navbar in Home page
[INFO ] 2024-10-03 15:39:37.309 [main] BaseTest - Initializing chrome Browser
[INFO ] 2024-10-03 15:39:44.530 [main] BaseTest - Launching the Application
[INFO ] 2024-10-03 15:39:46.398 [main] BaseTest - Login Scenario
[INFO ] 2024-10-03 15:40:01.120 [main] BaseTest - Verifying the logo at navbar in Home page
[INFO ] 2024-10-03 15:49:25.893 [main] BaseTest - Initializing chrome Browser
[INFO ] 2024-10-03 15:49:31.211 [main] BaseTest - Launching the Application
[INFO ] 2024-10-03 15:50:10.759 [main] BaseTest - Initializing chrome Browser
[INFO ] 2024-10-03 15:50:18.298 [main] BaseTest - Launching the Application
[INFO ] 2024-10-03 15:50:50.892 [TestNG-test-Test-1] BaseTest - Login Scenario
[INFO ] 2024-10-03 15:54:05.510 [main] BaseTest - Initializing chrome Browser
[INFO ] 2024-10-03 15:54:10.463 [main] BaseTest - Launching the Application
[INFO ] 2024-10-03 15:54:14.553 [main] BaseTest - Login Scenario
[INFO ] 2024-10-03 15:54:30.662 [main] BaseTest - Verifying the logo at navbar in Home page
[INFO ] 2024-10-03 15:55:34.206 [main] BaseTest - Initializing chrome Browser
[INFO ] 2024-10-03 15:55:39.855 [main] BaseTest - Launching the Application
[INFO ] 2024-10-03 15:55:44.187 [main] BaseTest - Login Scenario
[INFO ] 2024-10-03 15:56:06.645 [main] BaseTest - Verifying the logo at navbar in Home page
[INFO ] 2024-10-03 16:01:32.269 [main] BaseTest - Initializing chrome Browser
[INFO ] 2024-10-03 16:01:39.977 [main] BaseTest - Launching the Application
[INFO ] 2024-10-03 16:02:19.637 [main] BaseTest - Initializing chrome Browser
[INFO ] 2024-10-03 16:02:24.575 [main] BaseTest - Launching the Application
[INFO ] 2024-10-03 16:02:57.230 [TestNG-test-Test-1] BaseTest - Login Scenario
[INFO ] 2024-10-03 16:04:43.200 [main] BaseTest - Initializing chrome Browser
[INFO ] 2024-10-03 16:04:49.308 [main] BaseTest - Launching the Application
[INFO ] 2024-10-03 16:05:32.169 [TestNG-test-Test-1] BaseTest - Login Scenario
[INFO ] 2024-10-03 16:09:19.599 [main] BaseTest - Initializing chrome Browser
[INFO ] 2024-10-03 16:09:27.563 [main] BaseTest - Launching the Application
[INFO ] 2024-10-03 16:10:49.576 [main] BaseTest - Initializing chrome Browser
[INFO ] 2024-10-03 16:10:55.178 [main] BaseTest - Launching the Application
[INFO ] 2024-10-03 16:12:08.465 [main] BaseTest - Initializing chrome Browser
[INFO ] 2024-10-03 16:12:18.774 [main] BaseTest - Launching the Application
[INFO ] 2024-10-03 16:12:51.609 [TestNG-test-Test-1] BaseTest - Login Scenario
[INFO ] 2024-10-03 16:14:33.176 [main] BaseTest - Initializing chrome Browser
[INFO ] 2024-10-03 16:14:39.237 [main] BaseTest - Launching the Application
[INFO ] 2024-10-03 16:14:42.851 [main] BaseTest - Login Scenario
[INFO ] 2024-10-03 16:14:59.714 [main] BaseTest - Verifying the logo at navbar in Home page
[INFO ] 2024-10-03 16:16:41.909 [main] BaseTest - Initializing chrome Browser
[INFO ] 2024-10-03 16:16:49.612 [main] BaseTest - Launching the Application
[INFO ] 2024-10-03 16:16:51.381 [main] BaseTest - Login Scenario
[INFO ] 2024-10-03 16:17:10.424 [main] BaseTest - Verifying the logo at navbar in Home page
[INFO ] 2024-10-03 16:18:26.990 [main] BaseTest - Initializing chrome Browser
[INFO ] 2024-10-03 16:18:32.393 [main] BaseTest - Launching the Application
[INFO ] 2024-10-03 16:18:39.002 [main] BaseTest - Login Scenario
[INFO ] 2024-10-03 16:19:15.041 [main] BaseTest - Verifying the logo at navbar in Home page
[INFO ] 2024-10-03 16:19:54.750 [main] BaseTest - Initializing chrome Browser
[INFO ] 2024-10-03 16:20:23.125 [main] BaseTest - Launching the Application
[INFO ] 2024-10-03 16:20:25.271 [main] BaseTest - Login Scenario
[INFO ] 2024-10-03 16:20:42.829 [main] BaseTest - Verifying the logo at navbar in Home page
[INFO ] 2024-10-03 16:22:01.196 [main] BaseTest - Initializing chrome Browser
[INFO ] 2024-10-03 16:22:06.128 [main] BaseTest - Launching the Application
[INFO ] 2024-10-03 16:22:11.588 [main] BaseTest - Login Scenario
[INFO ] 2024-10-03 17:10:48.889 [main] BaseTest - Initializing chrome Browser
[INFO ] 2024-10-03 17:10:57.785 [main] BaseTest - Launching the Application
[INFO ] 2024-10-03 17:11:00.711 [main] BaseTest - Login Scenario
[INFO ] 2024-10-03 17:14:00.303 [main] BaseTest - Initializing chrome Browser
[INFO ] 2024-10-03 17:14:05.964 [main] BaseTest - Launching the Application
[INFO ] 2024-10-03 17:14:10.389 [main] BaseTest - Login Scenario
[INFO ] 2024-10-03 17:15:11.653 [main] BaseTest - Initializing chrome Browser
[INFO ] 2024-10-03 17:15:19.088 [main] BaseTest - Launching the Application
[INFO ] 2024-10-03 17:16:34.949 [main] BaseTest - Initializing chrome Browser
[INFO ] 2024-10-03 17:16:42.224 [main] BaseTest - Launching the Application
[INFO ] 2024-10-03 19:25:58.450 [main] BaseTest - Initializing chrome Browser
[INFO ] 2024-10-03 19:26:07.112 [main] BaseTest - Launching the Application
[INFO ] 2024-10-03 19:28:43.460 [main] BaseTest - Initializing chrome Browser
[INFO ] 2024-10-03 19:28:50.671 [main] BaseTest - Launching the Application
[INFO ] 2024-10-03 19:28:51.623 [main] BaseTest - Login Scenario
[INFO ] 2024-10-03 19:29:11.523 [main] BaseTest - Initializing chrome Browser
[INFO ] 2024-10-03 19:29:18.373 [main] BaseTest - Launching the Application
[INFO ] 2024-10-03 19:29:20.459 [main] BaseTest - Login Scenario
[INFO ] 2024-10-03 19:30:28.698 [main] BaseTest - Initializing chrome Browser
[INFO ] 2024-10-03 19:30:32.982 [main] BaseTest - Launching the Application
[INFO ] 2024-10-03 19:34:42.201 [main] BaseTest - Initializing chrome Browser
[INFO ] 2024-10-03 19:34:46.630 [main] BaseTest - Launching the Application
[INFO ] 2024-10-03 19:40:42.329 [main] BaseTest - Initializing chrome Browser
[INFO ] 2024-10-03 19:40:47.358 [main] BaseTest - Launching the Application
[INFO ] 2024-10-03 19:41:52.187 [main] BaseTest - Initializing chrome Browser
[INFO ] 2024-10-03 19:42:13.764 [main] BaseTest - Launching the Application
[INFO ] 2024-10-04 15:29:43.042 [main] BaseTest - Initializing chrome Browser
[INFO ] 2024-10-04 15:29:49.827 [main] BaseTest - Launching the Application
[INFO ] 2024-10-04 15:32:17.907 [main] BaseTest - Initializing chrome Browser
[INFO ] 2024-10-04 15:32:24.997 [main] BaseTest - Launching the Application
[INFO ] 2024-10-07 15:16:39.962 [main] BaseTest - Initializing chrome Browser
[INFO ] 2024-10-07 15:16:53.920 [main] BaseTest - Launching the Application
[INFO ] 2024-10-07 15:23:05.746 [main] BaseTest - Initializing chrome Browser
[INFO ] 2024-10-07 15:23:15.058 [main] BaseTest - Launching the Application
[INFO ] 2024-10-07 15:33:03.329 [main] BaseTest - Initializing chrome Browser
[INFO ] 2024-10-07 15:33:08.010 [main] BaseTest - Launching the Application
[INFO ] 2024-10-07 15:35:56.150 [main] BaseTest - Initializing chrome Browser
[INFO ] 2024-10-07 15:36:04.669 [main] BaseTest - Launching the Application
[INFO ] 2024-10-07 15:39:33.038 [main] BaseTest - Initializing chrome Browser
[INFO ] 2024-10-07 15:39:37.370 [main] BaseTest - Launching the Application
[INFO ] 2024-10-07 15:41:47.175 [main] BaseTest - Initializing chrome Browser
[INFO ] 2024-10-07 15:41:50.881 [main] BaseTest - Launching the Application
[INFO ] 2024-10-07 15:43:47.364 [main] BaseTest - Initializing chrome Browser
[INFO ] 2024-10-07 15:43:51.811 [main] BaseTest - Launching the Application
[INFO ] 2024-10-07 16:07:18.962 [main] BaseTest - Initializing chrome Browser
[INFO ] 2024-10-07 16:07:24.242 [main] BaseTest - Launching the Application
[INFO ] 2024-10-07 16:12:36.485 [main] BaseTest - Initializing chrome Browser
[INFO ] 2024-10-07 16:12:44.813 [main] BaseTest - Launching the Application
[INFO ] 2024-10-07 16:17:49.955 [main] BaseTest - Initializing chrome Browser
[INFO ] 2024-10-07 16:17:55.622 [main] BaseTest - Launching the Application
[INFO ] 2024-10-07 16:31:18.797 [main] BaseTest - Initializing chrome Browser
[INFO ] 2024-10-07 16:31:23.824 [main] BaseTest - Launching the Application
[INFO ] 2024-10-07 16:37:25.014 [main] BaseTest - Initializing chrome Browser
[INFO ] 2024-10-07 16:37:28.256 [main] BaseTest - Launching the Application
[INFO ] 2024-10-07 16:40:41.464 [main] BaseTest - Initializing chrome Browser
[INFO ] 2024-10-07 16:40:44.707 [main] BaseTest - Launching the Application
[INFO ] 2024-10-07 16:41:33.054 [main] BaseTest - Initializing chrome Browser
[INFO ] 2024-10-07 16:41:36.211 [main] BaseTest - Launching the Application
[INFO ] 2024-10-07 16:43:01.992 [main] BaseTest - Initializing chrome Browser
[INFO ] 2024-10-07 16:43:05.296 [main] BaseTest - Launching the Application
[INFO ] 2024-10-07 16:52:39.542 [main] BaseTest - Initializing chrome Browser
[INFO ] 2024-10-07 16:52:43.902 [main] BaseTest - Launching the Application
[INFO ] 2024-10-07 16:54:08.802 [main] BaseTest - Initializing chrome Browser
[INFO ] 2024-10-07 16:54:11.961 [main] BaseTest - Launching the Application
[INFO ] 2024-10-07 16:57:40.519 [main] BaseTest - Initializing chrome Browser
[INFO ] 2024-10-07 16:57:44.373 [main] BaseTest - Launching the Application
[INFO ] 2024-10-07 16:58:34.680 [main] BaseTest - Initializing chrome Browser
[INFO ] 2024-10-07 16:58:37.941 [main] BaseTest - Launching the Application
[INFO ] 2024-10-07 17:03:37.512 [main] BaseTest - Initializing chrome Browser
[INFO ] 2024-10-07 17:03:41.567 [main] BaseTest - Launching the Application
[INFO ] 2024-10-07 17:05:46.402 [main] BaseTest - Initializing chrome Browser
[INFO ] 2024-10-07 17:05:51.683 [main] BaseTest - Launching the Application
[INFO ] 2024-10-07 17:06:38.422 [main] BaseTest - Initializing chrome Browser
[INFO ] 2024-10-07 17:06:41.776 [main] BaseTest - Launching the Application
[INFO ] 2024-10-07 17:20:13.936 [main] BaseTest - Initializing chrome Browser
[INFO ] 2024-10-07 17:20:19.419 [main] BaseTest - Launching the Application
[INFO ] 2024-10-07 17:23:15.866 [main] BaseTest - Initializing chrome Browser
[INFO ] 2024-10-07 17:23:18.962 [main] BaseTest - Launching the Application
[INFO ] 2024-10-08 10:58:17.061 [main] BaseTest - Initializing chrome Browser
[INFO ] 2024-10-08 10:58:27.317 [main] BaseTest - Launching the Application
[INFO ] 2024-10-09 12:13:43.596 [main] BaseTest - Initializing chrome Browser
[INFO ] 2024-10-09 12:13:54.294 [main] BaseTest - Launching the Application
[INFO ] 2024-10-09 12:14:44.713 [main] BaseTest - Verifying the logo at navbar in Home page
[INFO ] 2024-10-09 12:14:45.661 [main] BaseTest - Initializing chrome Browser
[INFO ] 2024-10-09 12:14:52.704 [main] BaseTest - Launching the Application
[INFO ] 2024-10-09 12:16:35.681 [main] BaseTest - Initializing chrome Browser
[INFO ] 2024-10-09 12:16:42.835 [main] BaseTest - Launching the Application
[INFO ] 2024-10-09 12:16:44.921 [main] BaseTest - Login Scenario
[INFO ] 2024-10-09 12:17:04.318 [main] BaseTest - Verifying the logo at navbar in Home page
[INFO ] 2024-10-09 12:17:51.017 [main] BaseTest - Initializing chrome Browser
[INFO ] 2024-10-09 12:17:55.899 [main] BaseTest - Launching the Application
[INFO ] 2024-10-09 12:18:04.194 [main] BaseTest - Login Scenario
[INFO ] 2024-10-09 12:21:56.643 [main] BaseTest - Initializing chrome Browser
[INFO ] 2024-10-09 12:22:02.329 [main] BaseTest - Launching the Application
[INFO ] 2024-10-09 12:22:06.178 [main] BaseTest - Login Scenario
[INFO ] 2024-10-09 12:22:58.952 [main] BaseTest - Initializing chrome Browser
[INFO ] 2024-10-09 12:23:05.217 [main] BaseTest - Launching the Application
[INFO ] 2024-10-09 12:23:22.156 [main] BaseTest - Login Scenario
[INFO ] 2024-10-09 12:24:03.771 [main] BaseTest - Initializing chrome Browser
[INFO ] 2024-10-09 12:24:12.312 [main] BaseTest - Launching the Application
[INFO ] 2024-10-09 12:24:17.747 [main] BaseTest - Login Scenario
[INFO ] 2024-10-09 12:25:48.420 [main] BaseTest - Initializing chrome Browser
[INFO ] 2024-10-09 12:25:53.706 [main] BaseTest - Launching the Application
[INFO ] 2024-10-09 12:26:38.076 [main] BaseTest - Verifying the logo at navbar in Home page
[INFO ] 2024-10-09 12:26:39.189 [main] BaseTest - Initializing chrome Browser
[INFO ] 2024-10-09 12:26:46.433 [main] BaseTest - Launching the Application
[INFO ] 2024-10-09 12:32:59.224 [main] BaseTest - Initializing chrome Browser
[INFO ] 2024-10-09 12:33:04.422 [main] BaseTest - Launching the Application
[INFO ] 2024-10-09 12:33:35.122 [main] BaseTest - Verifying the logo at navbar in Home page
[INFO ] 2024-10-09 12:33:36.013 [main] BaseTest - Initializing chrome Browser
[INFO ] 2024-10-09 12:33:40.918 [main] BaseTest - Launching the Application
[INFO ] 2024-10-09 12:45:52.566 [main] BaseTest - Initializing $browserName Browser
[INFO ] 2024-10-09 12:47:26.738 [main] BaseTest - Initializing $browserName Browser
[INFO ] 2024-10-09 15:01:08.590 [main] BaseTest - Initializing $browserName Browser
[INFO ] 2024-10-09 15:01:20.340 [main] BaseTest - Initializing $browserName Browser
[INFO ] 2024-10-09 15:05:29.349 [main] BaseTest - Initializing $browserName Browser
[INFO ] 2024-10-09 15:06:23.515 [main] BaseTest - Initializing chrome Browser
[INFO ] 2024-10-09 15:06:36.813 [main] BaseTest - Launching the Application
[INFO ] 2024-10-09 15:06:37.207 [main] BaseTest - Initializing chrome Browser
[INFO ] 2024-10-09 15:06:44.072 [main] BaseTest - Login Scenario
[INFO ] 2024-10-09 15:06:46.638 [main] BaseTest - Launching the Application
[INFO ] 2024-10-09 15:06:49.140 [main] BaseTest - Login Scenario
[INFO ] 2024-10-09 15:16:28.075 [main] BaseTest - Initializing $browserName Browser
[INFO ] 2024-10-09 15:18:03.818 [main] BaseTest - Initializing $browserName Browser
[INFO ] 2024-10-09 15:18:51.294 [main] BaseTest - Initializing $browserName Browser
[INFO ] 2024-10-09 15:20:18.149 [main] BaseTest - Initializing $browserName Browser
[INFO ] 2024-10-09 15:21:26.534 [main] BaseTest - Initializing chrome Browser
[INFO ] 2024-10-09 15:21:35.946 [main] BaseTest - Launching the Application
[INFO ] 2024-10-09 15:22:19.018 [main] BaseTest - Verifying the logo at navbar in Home page
[INFO ] 2024-10-09 15:22:20.629 [main] BaseTest - Initializing chrome Browser
[INFO ] 2024-10-09 15:22:30.118 [main] BaseTest - Launching the Application
[INFO ] 2024-10-09 15:25:38.099 [main] BaseTest - Initializing chrome Browser
[INFO ] 2024-10-09 15:25:43.902 [main] BaseTest - Launching the Application
[INFO ] 2024-10-09 15:25:48.460 [main] BaseTest - Login Scenario
[INFO ] 2024-10-09 15:26:12.519 [main] BaseTest - Verifying the logo at navbar in Home page
[INFO ] 2024-10-09 15:26:52.718 [main] BaseTest - Initializing chrome Browser
[INFO ] 2024-10-09 15:27:00.213 [main] BaseTest - Launching the Application
[INFO ] 2024-10-09 15:27:02.407 [main] BaseTest - Login Scenario
[INFO ] 2024-10-09 15:27:34.044 [main] BaseTest - Verifying the logo at navbar in Home page
[INFO ] 2024-10-10 14:29:22.191 [main] BaseTest - Initializing chrome Browser
[INFO ] 2024-10-10 14:29:35.814 [main] BaseTest - Launching the Application
[INFO ] 2024-10-10 14:29:40.347 [main] BaseTest - Login Scenario
[INFO ] 2024-10-10 14:34:25.392 [main] BaseTest - Initializing chrome Browser
[INFO ] 2024-10-10 14:34:29.667 [main] BaseTest - Launching the Application
[INFO ] 2024-10-10 14:34:44.889 [main] BaseTest - Initializing chrome Browser
[INFO ] 2024-10-10 14:34:49.392 [main] BaseTest - Launching the Application
[INFO ] 2024-10-10 14:35:28.522 [main] BaseTest - Initializing chrome Browser
[INFO ] 2024-10-10 14:35:35.958 [main] BaseTest - Launching the Application
[INFO ] 2024-10-10 14:35:45.065 [main] BaseTest - Login Scenario
[INFO ] 2024-10-17 11:44:05.211 [main] BaseTest - Initializing chrome Browser
[INFO ] 2024-10-17 11:44:13.106 [main] BaseTest - Launching the Application
[INFO ] 2024-10-17 11:44:18.210 [main] BaseTest - Login Scenario
[INFO ] 2024-10-17 11:44:38.526 [main] BaseTest - Verifying the logo at navbar in Home page
[INFO ] 2024-10-17 11:45:26.987 [main] BaseTest - Initializing chrome Browser
[INFO ] 2024-10-17 11:45:31.414 [main] BaseTest - Launching the Application
[INFO ] 2024-10-17 11:45:35.123 [main] BaseTest - Login Scenario
[INFO ] 2024-10-17 11:45:50.349 [main] BaseTest - Verifying the logo at navbar in Home page
[INFO ] 2024-10-17 14:40:07.865 [main] BaseTest - Initializing chrome Browser
[INFO ] 2024-10-17 14:40:15.008 [main] BaseTest - Launching the Application
[INFO ] 2024-10-17 14:41:39.447 [main] BaseTest - Verifying the logo at navbar in Home page
[INFO ] 2024-10-17 14:42:20.297 [main] BaseTest - Initializing chrome Browser
[INFO ] 2024-10-17 14:42:26.671 [main] BaseTest - Launching the Application
[INFO ] 2024-10-25 10:49:27.151 [main] BaseTest - Initializing chrome Browser
[INFO ] 2024-10-25 10:49:38.416 [main] BaseTest - Launching the Application
[INFO ] 2024-10-25 10:49:41.433 [main] BaseTest - Login Scenario
[INFO ] 2024-10-25 11:38:20.470 [main] BaseTest - Initializing chrome Browser
[INFO ] 2024-10-25 11:38:29.457 [main] BaseTest - Launching the Application
[INFO ] 2024-10-25 11:38:32.465 [main] BaseTest - Login Scenario
[INFO ] 2024-10-25 11:38:55.198 [main] BaseTest - Verifying the logo at navbar in Home page
[INFO ] 2024-10-25 11:40:38.066 [main] BaseTest - Initializing chrome Browser
[INFO ] 2024-10-25 11:40:46.070 [main] BaseTest - Launching the Application
[INFO ] 2024-10-25 11:40:48.639 [main] BaseTest - Login Scenario
[INFO ] 2024-10-25 11:41:36.445 [main] BaseTest - Initializing chrome Browser
[INFO ] 2024-10-25 11:41:40.864 [main] BaseTest - Launching the Application
[INFO ] 2024-10-25 11:43:22.953 [main] BaseTest - Initializing chrome Browser
[INFO ] 2024-10-25 11:43:30.801 [main] BaseTest - Launching the Application
[INFO ] 2024-10-25 11:43:33.757 [main] BaseTest - Login Scenario
[INFO ] 2024-10-25 11:43:51.843 [main] BaseTest - Verifying the logo at navbar in Home page
[INFO ] 2024-10-25 14:32:41.772 [main] BaseTest - Initializing chrome Browser
[INFO ] 2024-10-25 14:32:50.017 [main] BaseTest - Launching the Application
[INFO ] 2024-10-25 14:33:36.385 [main] BaseTest - Verifying the logo at navbar in Home page
[INFO ] 2024-10-25 14:33:37.074 [main] BaseTest - Initializing chrome Browser
[INFO ] 2024-10-25 14:33:44.833 [main] BaseTest - Launching the Application
[INFO ] 2024-10-25 14:34:14.414 [main] BaseTest - Initializing chrome Browser
[INFO ] 2024-10-25 14:34:21.904 [main] BaseTest - Launching the Application
[INFO ] 2024-10-25 14:35:44.194 [main] BaseTest - Verifying the logo at navbar in Home page
[INFO ] 2024-10-25 14:36:12.113 [main] BaseTest - Initializing chrome Browser
[INFO ] 2024-10-25 14:36:20.010 [main] BaseTest - Launching the Application
[INFO ] 2024-10-25 14:39:40.412 [main] BaseTest - Initializing chrome Browser
[INFO ] 2024-10-25 14:39:49.011 [main] BaseTest - Launching the Application
[INFO ] 2024-10-25 14:40:58.172 [main] BaseTest - Initializing chrome Browser
[INFO ] 2024-10-25 14:41:06.786 [main] BaseTest - Launching the Application
[INFO ] 2024-10-25 14:42:25.656 [main] BaseTest - Verifying the logo at navbar in Home page
[INFO ] 2024-10-25 14:42:51.061 [main] BaseTest - Initializing chrome Browser
[INFO ] 2024-10-25 14:42:59.058 [main] BaseTest - Launching the Application
[INFO ] 2024-10-25 14:45:51.042 [main] BaseTest - Initializing chrome Browser
[INFO ] 2024-10-25 14:45:59.278 [main] BaseTest - Launching the Application
[INFO ] 2024-10-25 14:48:24.912 [main] BaseTest - Verifying the logo at navbar in Home page
[INFO ] 2024-10-25 14:48:56.277 [main] BaseTest - Initializing chrome Browser
[INFO ] 2024-10-25 14:49:04.696 [main] BaseTest - Launching the Application
[INFO ] 2024-10-25 14:49:25.618 [main] BaseTest - Initializing chrome Browser
[INFO ] 2024-10-25 14:49:30.879 [main] BaseTest - Launching the Application
[INFO ] 2024-10-25 14:52:24.995 [main] BaseTest - Initializing chrome Browser
[INFO ] 2024-10-25 14:52:29.843 [main] BaseTest - Launching the Application
[INFO ] 2024-10-25 14:53:52.935 [main] BaseTest - Verifying the logo at navbar in Home page
[INFO ] 2024-10-25 14:54:19.738 [main] BaseTest - Initializing chrome Browser
[INFO ] 2024-10-25 14:54:26.104 [main] BaseTest - Launching the Application
[INFO ] 2024-10-25 14:57:09.990 [main] BaseTest - Initializing chrome Browser
[INFO ] 2024-10-25 14:57:16.564 [main] BaseTest - Launching the Application
[INFO ] 2024-10-25 15:02:09.950 [main] BaseTest - Initializing chrome Browser
[INFO ] 2024-10-25 15:02:17.447 [main] BaseTest - Launching the Application
